
Program: bwa (alignment via Burrows-Wheeler transformation)
Version: 0.7.17-r1188
Contact: Heng Li <lh3@sanger.ac.uk>

Usage:   bwa <command> [options]

Command: index         index sequences in the FASTA format
         mem           BWA-MEM algorithm
         fastmap       identify super-maximal exact matches
         pemerge       merge overlapping paired ends (EXPERIMENTAL)
         aln           gapped/ungapped alignment
         samse         generate alignment (single ended)
         sampe         generate alignment (paired ended)
         bwasw         BWA-SW for long queries

         shm           manage indices in shared memory
         fa2pac        convert FASTA to PAC format
         pac2bwt       generate BWT from PAC
         pac2bwtgen    alternative algorithm for generating BWT
         bwtupdate     update .bwt to the new format
         bwt2sa        generate SA from BWT and Occ

Note: To use BWA, you need to first index the genome with `bwa index'.
      There are three alignment algorithms in BWA: `mem', `bwasw', and
      `aln/samse/sampe'. If you are not sure which to use, try `bwa mem'
      first. Please `man ./bwa.1' for the manual.

[bwa_index] Pack FASTA... 23.35 sec
[bwa_index] Construct BWT for the packed sequence...
[BWTIncCreate] textLength=6596861272, availableWord=476179232
[BWTIncConstructFromPacked] 10 iterations done. 99999992 characters processed.
[BWTIncConstructFromPacked] 20 iterations done. 199999992 characters processed.
[BWTIncConstructFromPacked] 30 iterations done. 299999992 characters processed.
[BWTIncConstructFromPacked] 40 iterations done. 399999992 characters processed.
[BWTIncConstructFromPacked] 50 iterations done. 499999992 characters processed.
[BWTIncConstructFromPacked] 60 iterations done. 599999992 characters processed.
[BWTIncConstructFromPacked] 70 iterations done. 699999992 characters processed.
[BWTIncConstructFromPacked] 80 iterations done. 799999992 characters processed.
[BWTIncConstructFromPacked] 90 iterations done. 899999992 characters processed.
[BWTIncConstructFromPacked] 100 iterations done. 999999992 characters processed.
[BWTIncConstructFromPacked] 110 iterations done. 1099999992 characters processed.
[BWTIncConstructFromPacked] 120 iterations done. 1199999992 characters processed.
[BWTIncConstructFromPacked] 130 iterations done. 1299999992 characters processed.
[BWTIncConstructFromPacked] 140 iterations done. 1399999992 characters processed.
[BWTIncConstructFromPacked] 150 iterations done. 1499999992 characters processed.
[BWTIncConstructFromPacked] 160 iterations done. 1599999992 characters processed.
[BWTIncConstructFromPacked] 170 iterations done. 1699999992 characters processed.
[BWTIncConstructFromPacked] 180 iterations done. 1799999992 characters processed.
[BWTIncConstructFromPacked] 190 iterations done. 1899999992 characters processed.
[BWTIncConstructFromPacked] 200 iterations done. 1999999992 characters processed.
[BWTIncConstructFromPacked] 210 iterations done. 2099999992 characters processed.
[BWTIncConstructFromPacked] 220 iterations done. 2199999992 characters processed.
[BWTIncConstructFromPacked] 230 iterations done. 2299999992 characters processed.
[BWTIncConstructFromPacked] 240 iterations done. 2399999992 characters processed.
[BWTIncConstructFromPacked] 250 iterations done. 2499999992 characters processed.
[BWTIncConstructFromPacked] 260 iterations done. 2599999992 characters processed.
[BWTIncConstructFromPacked] 270 iterations done. 2699999992 characters processed.
[BWTIncConstructFromPacked] 280 iterations done. 2799999992 characters processed.
[BWTIncConstructFromPacked] 290 iterations done. 2899999992 characters processed.
[BWTIncConstructFromPacked] 300 iterations done. 2999999992 characters processed.
[BWTIncConstructFromPacked] 310 iterations done. 3099999992 characters processed.
[BWTIncConstructFromPacked] 320 iterations done. 3199999992 characters processed.
[BWTIncConstructFromPacked] 330 iterations done. 3299999992 characters processed.
[BWTIncConstructFromPacked] 340 iterations done. 3399999992 characters processed.
[BWTIncConstructFromPacked] 350 iterations done. 3499999992 characters processed.
[BWTIncConstructFromPacked] 360 iterations done. 3599999992 characters processed.
[BWTIncConstructFromPacked] 370 iterations done. 3699999992 characters processed.
[BWTIncConstructFromPacked] 380 iterations done. 3799999992 characters processed.
[BWTIncConstructFromPacked] 390 iterations done. 3899999992 characters processed.
[BWTIncConstructFromPacked] 400 iterations done. 3999999992 characters processed.
[BWTIncConstructFromPacked] 410 iterations done. 4099999992 characters processed.
[BWTIncConstructFromPacked] 420 iterations done. 4199999992 characters processed.
[BWTIncConstructFromPacked] 430 iterations done. 4299999992 characters processed.
[BWTIncConstructFromPacked] 440 iterations done. 4399999992 characters processed.
[BWTIncConstructFromPacked] 450 iterations done. 4499999992 characters processed.
[BWTIncConstructFromPacked] 460 iterations done. 4599999992 characters processed.
[BWTIncConstructFromPacked] 470 iterations done. 4699999992 characters processed.
[BWTIncConstructFromPacked] 480 iterations done. 4799999992 characters processed.
[BWTIncConstructFromPacked] 490 iterations done. 4899999992 characters processed.
[BWTIncConstructFromPacked] 500 iterations done. 4999999992 characters processed.
[BWTIncConstructFromPacked] 510 iterations done. 5099999992 characters processed.
[BWTIncConstructFromPacked] 520 iterations done. 5199999992 characters processed.
[BWTIncConstructFromPacked] 530 iterations done. 5299999992 characters processed.
[BWTIncConstructFromPacked] 540 iterations done. 5399999992 characters processed.
[BWTIncConstructFromPacked] 550 iterations done. 5499999992 characters processed.
[BWTIncConstructFromPacked] 560 iterations done. 5599999992 characters processed.
[BWTIncConstructFromPacked] 570 iterations done. 5699999992 characters processed.
[BWTIncConstructFromPacked] 580 iterations done. 5799999992 characters processed.
[BWTIncConstructFromPacked] 590 iterations done. 5899999992 characters processed.
[BWTIncConstructFromPacked] 600 iterations done. 5996509032 characters processed.
[BWTIncConstructFromPacked] 610 iterations done. 6082533112 characters processed.
[BWTIncConstructFromPacked] 620 iterations done. 6158987528 characters processed.
[BWTIncConstructFromPacked] 630 iterations done. 6226936392 characters processed.
[BWTIncConstructFromPacked] 640 iterations done. 6287325512 characters processed.
[BWTIncConstructFromPacked] 650 iterations done. 6340995480 characters processed.
[BWTIncConstructFromPacked] 660 iterations done. 6388693480 characters processed.
[BWTIncConstructFromPacked] 670 iterations done. 6431083592 characters processed.
[BWTIncConstructFromPacked] 680 iterations done. 6468755960 characters processed.
[BWTIncConstructFromPacked] 690 iterations done. 6502235256 characters processed.
[BWTIncConstructFromPacked] 700 iterations done. 6531987704 characters processed.
[BWTIncConstructFromPacked] 710 iterations done. 6558427720 characters processed.
[BWTIncConstructFromPacked] 720 iterations done. 6581923640 characters processed.
[bwt_gen] Finished constructing BWT in 728 iterations.
[bwa_index] 2541.60 seconds elapse.
[bwa_index] Update BWT... 17.24 sec
[bwa_index] Pack forward-only FASTA... 14.18 sec
[bwa_index] Construct SA from BWT and Occ... 753.49 sec
[main] Version: 0.7.17-r1188
[main] CMD: bwa index GRCh38_latest_genomic.fa
[main] Real time: 3359.017 sec; CPU: 3349.865 sec
